{"name":"hexo","hostname":"promote.cache-dns.local","pid":6601,"level":20,"msg":"Hexo version: \u001b[35m3.2.2\u001b[39m","time":"2017-03-17T07:04:16.199Z","v":0}
{"name":"hexo","hostname":"promote.cache-dns.local","pid":6601,"level":20,"msg":"Working directory: \u001b[35m~/Desktop/DomonJi.github.io/\u001b[39m","time":"2017-03-17T07:04:16.200Z","v":0}
{"name":"hexo","hostname":"promote.cache-dns.local","pid":6601,"level":20,"msg":"Config loaded: \u001b[35m~/Desktop/DomonJi.github.io/_config.yml\u001b[39m","time":"2017-03-17T07:04:16.269Z","v":0}
{"name":"hexo","hostname":"promote.cache-dns.local","pid":6601,"level":20,"msg":"Plugin loaded: \u001b[35mhexo-deployer-git\u001b[39m","time":"2017-03-17T07:04:16.281Z","v":0}
{"name":"hexo","hostname":"promote.cache-dns.local","pid":6601,"level":20,"msg":"Plugin loaded: \u001b[35mhexo-generator-category\u001b[39m","time":"2017-03-17T07:04:16.282Z","v":0}
{"name":"hexo","hostname":"promote.cache-dns.local","pid":6601,"level":20,"msg":"Plugin loaded: \u001b[35mhexo-generator-archive\u001b[39m","time":"2017-03-17T07:04:16.283Z","v":0}
{"name":"hexo","hostname":"promote.cache-dns.local","pid":6601,"level":20,"msg":"Plugin loaded: \u001b[35mhexo-generator-feed\u001b[39m","time":"2017-03-17T07:04:16.321Z","v":0}
{"name":"hexo","hostname":"promote.cache-dns.local","pid":6601,"level":20,"msg":"Plugin loaded: \u001b[35mhexo-generator-index\u001b[39m","time":"2017-03-17T07:04:16.322Z","v":0}
{"name":"hexo","hostname":"promote.cache-dns.local","pid":6601,"level":20,"msg":"Plugin loaded: \u001b[35mhexo-generator-search\u001b[39m","time":"2017-03-17T07:04:16.326Z","v":0}
{"name":"hexo","hostname":"promote.cache-dns.local","pid":6601,"level":20,"msg":"Plugin loaded: \u001b[35mhexo-generator-tag\u001b[39m","time":"2017-03-17T07:04:16.327Z","v":0}
{"name":"hexo","hostname":"promote.cache-dns.local","pid":6601,"level":20,"msg":"Plugin loaded: \u001b[35mhexo-migrator-wordpress\u001b[39m","time":"2017-03-17T07:04:16.450Z","v":0}
{"name":"hexo","hostname":"promote.cache-dns.local","pid":6601,"level":20,"msg":"Plugin loaded: \u001b[35mhexo-renderer-ejs\u001b[39m","time":"2017-03-17T07:04:16.451Z","v":0}
{"name":"hexo","hostname":"promote.cache-dns.local","pid":6601,"level":20,"msg":"Plugin loaded: \u001b[35mhexo-renderer-marked\u001b[39m","time":"2017-03-17T07:04:16.455Z","v":0}
{"name":"hexo","hostname":"promote.cache-dns.local","pid":6601,"level":20,"msg":"Plugin loaded: \u001b[35mhexo-renderer-stylus\u001b[39m","time":"2017-03-17T07:04:16.456Z","v":0}
{"name":"hexo","hostname":"promote.cache-dns.local","pid":6601,"level":20,"msg":"Plugin loaded: \u001b[35mhexo-server\u001b[39m","time":"2017-03-17T07:04:16.495Z","v":0}
{"name":"hexo","hostname":"promote.cache-dns.local","pid":6601,"level":20,"msg":"Script loaded: \u001b[35mthemes/next/scripts/merge-configs.js\u001b[39m","time":"2017-03-17T07:04:16.497Z","v":0}
{"name":"hexo","hostname":"promote.cache-dns.local","pid":6601,"level":20,"msg":"Script loaded: \u001b[35mthemes/next/scripts/merge.js\u001b[39m","time":"2017-03-17T07:04:16.500Z","v":0}
{"name":"hexo","hostname":"promote.cache-dns.local","pid":6601,"level":20,"msg":"Script loaded: \u001b[35mthemes/next/scripts/tags/button.js\u001b[39m","time":"2017-03-17T07:04:16.500Z","v":0}
{"name":"hexo","hostname":"promote.cache-dns.local","pid":6601,"level":20,"msg":"Script loaded: \u001b[35mthemes/next/scripts/tags/center-quote.js\u001b[39m","time":"2017-03-17T07:04:16.500Z","v":0}
{"name":"hexo","hostname":"promote.cache-dns.local","pid":6601,"level":20,"msg":"Script loaded: \u001b[35mthemes/next/scripts/tags/exturl.js\u001b[39m","time":"2017-03-17T07:04:16.500Z","v":0}
{"name":"hexo","hostname":"promote.cache-dns.local","pid":6601,"level":20,"msg":"Script loaded: \u001b[35mthemes/next/scripts/tags/full-image.js\u001b[39m","time":"2017-03-17T07:04:16.501Z","v":0}
{"name":"hexo","hostname":"promote.cache-dns.local","pid":6601,"level":20,"msg":"Script loaded: \u001b[35mthemes/next/scripts/tags/group-pictures.js\u001b[39m","time":"2017-03-17T07:04:16.501Z","v":0}
{"name":"hexo","hostname":"promote.cache-dns.local","pid":6601,"level":20,"msg":"Script loaded: \u001b[35mthemes/next/scripts/tags/note.js\u001b[39m","time":"2017-03-17T07:04:16.502Z","v":0}
{"name":"hexo","hostname":"promote.cache-dns.local","pid":6601,"level":20,"msg":"Loading database.","time":"2017-03-17T07:04:16.507Z","v":0}
{"name":"hexo","hostname":"promote.cache-dns.local","pid":6601,"level":30,"msg":"Start processing","time":"2017-03-17T07:04:16.591Z","v":0}
{"name":"hexo","hostname":"promote.cache-dns.local","pid":6601,"level":20,"msg":"Processed: \u001b[35mdebug.log\u001b[39m","time":"2017-03-17T07:04:16.636Z","v":0}
{"name":"hexo","hostname":"promote.cache-dns.local","pid":6601,"level":20,"msg":"Processed: \u001b[35m34-2/index.md\u001b[39m","time":"2017-03-17T07:04:16.700Z","v":0}
{"name":"hexo","hostname":"promote.cache-dns.local","pid":6601,"level":20,"msg":"Processed: \u001b[35m_drafts/啊.md\u001b[39m","time":"2017-03-17T07:04:16.700Z","v":0}
{"name":"hexo","hostname":"promote.cache-dns.local","pid":6601,"level":20,"msg":"Processed: \u001b[35m_drafts/指弹.md\u001b[39m","time":"2017-03-17T07:04:16.700Z","v":0}
{"name":"hexo","hostname":"promote.cache-dns.local","pid":6601,"level":20,"msg":"Processed: \u001b[35m_drafts/风吹过.md\u001b[39m","time":"2017-03-17T07:04:16.700Z","v":0}
{"name":"hexo","hostname":"promote.cache-dns.local","pid":6601,"level":20,"msg":"Processed: \u001b[35m_drafts/风吹过下雨天.md\u001b[39m","time":"2017-03-17T07:04:16.700Z","v":0}
{"name":"hexo","hostname":"promote.cache-dns.local","pid":6601,"level":20,"msg":"Processed: \u001b[35m_posts/hello-world.md\u001b[39m","time":"2017-03-17T07:04:16.700Z","v":0}
{"name":"hexo","hostname":"promote.cache-dns.local","pid":6601,"level":20,"msg":"Processed: \u001b[35m_posts/kids-in-sea.md\u001b[39m","time":"2017-03-17T07:04:16.700Z","v":0}
{"name":"hexo","hostname":"promote.cache-dns.local","pid":6601,"level":20,"msg":"Processed: \u001b[35m_posts/mount-huang.md\u001b[39m","time":"2017-03-17T07:04:16.700Z","v":0}
{"name":"hexo","hostname":"promote.cache-dns.local","pid":6601,"level":20,"msg":"Processed: \u001b[35m_posts/processing-random.md\u001b[39m","time":"2017-03-17T07:04:16.700Z","v":0}
{"name":"hexo","hostname":"promote.cache-dns.local","pid":6601,"level":20,"msg":"Processed: \u001b[35m_posts/qinghailake.md\u001b[39m","time":"2017-03-17T07:04:16.700Z","v":0}
{"name":"hexo","hostname":"promote.cache-dns.local","pid":6601,"level":20,"msg":"Processed: \u001b[35m_posts/unity-objectpool.md\u001b[39m","time":"2017-03-17T07:04:16.700Z","v":0}
{"name":"hexo","hostname":"promote.cache-dns.local","pid":6601,"level":20,"msg":"Processed: \u001b[35m_posts/unity-singleton.md\u001b[39m","time":"2017-03-17T07:04:16.700Z","v":0}
{"name":"hexo","hostname":"promote.cache-dns.local","pid":6601,"level":20,"msg":"Processed: \u001b[35m_posts/unity-statemachine.md\u001b[39m","time":"2017-03-17T07:04:16.700Z","v":0}
{"name":"hexo","hostname":"promote.cache-dns.local","pid":6601,"level":20,"msg":"Processed: \u001b[35m_posts/weround.md\u001b[39m","time":"2017-03-17T07:04:16.700Z","v":0}
{"name":"hexo","hostname":"promote.cache-dns.local","pid":6601,"level":20,"msg":"Processed: \u001b[35mabout/index.md\u001b[39m","time":"2017-03-17T07:04:16.701Z","v":0}
{"name":"hexo","hostname":"promote.cache-dns.local","pid":6601,"level":20,"msg":"Processed: \u001b[35martcoder/index.md\u001b[39m","time":"2017-03-17T07:04:16.701Z","v":0}
{"name":"hexo","hostname":"promote.cache-dns.local","pid":6601,"level":20,"msg":"Processed: \u001b[35mblog/index.md\u001b[39m","time":"2017-03-17T07:04:16.701Z","v":0}
{"name":"hexo","hostname":"promote.cache-dns.local","pid":6601,"level":20,"msg":"Processed: \u001b[35mcategories/index.md\u001b[39m","time":"2017-03-17T07:04:16.701Z","v":0}
{"name":"hexo","hostname":"promote.cache-dns.local","pid":6601,"level":20,"msg":"Processed: \u001b[35me4-bd-9c-e5-93-81/index.md\u001b[39m","time":"2017-03-17T07:04:16.701Z","v":0}
{"name":"hexo","hostname":"promote.cache-dns.local","pid":6601,"level":20,"msg":"Processed: \u001b[35me6-91-84-e5-bd-b1/index.md\u001b[39m","time":"2017-03-17T07:04:16.701Z","v":0}
{"name":"hexo","hostname":"promote.cache-dns.local","pid":6601,"level":20,"msg":"Processed: \u001b[35me6-a0-87-e7-ad-be/index.md\u001b[39m","time":"2017-03-17T07:04:16.701Z","v":0}
{"name":"hexo","hostname":"promote.cache-dns.local","pid":6601,"level":20,"msg":"Processed: \u001b[35mtags/index.md\u001b[39m","time":"2017-03-17T07:04:16.701Z","v":0}
{"name":"hexo","hostname":"promote.cache-dns.local","pid":6601,"level":20,"msg":"Processed: \u001b[35mtags/index-1.md\u001b[39m","time":"2017-03-17T07:04:16.701Z","v":0}
{"name":"hexo","hostname":"promote.cache-dns.local","pid":6601,"level":20,"msg":"Processed: \u001b[35mtodos/index.md\u001b[39m","time":"2017-03-17T07:04:16.701Z","v":0}
{"name":"hexo","hostname":"promote.cache-dns.local","pid":6601,"level":20,"msg":"Processed: \u001b[35m404.html\u001b[39m","time":"2017-03-17T07:04:16.714Z","v":0}
{"name":"hexo","hostname":"promote.cache-dns.local","pid":6601,"level":20,"msg":"Processed: \u001b[35mimages/avator.jpg\u001b[39m","time":"2017-03-17T07:04:16.714Z","v":0}
{"name":"hexo","hostname":"promote.cache-dns.local","pid":6601,"level":20,"msg":"Processed: \u001b[35mimages/wechatpay.png\u001b[39m","time":"2017-03-17T07:04:16.714Z","v":0}
{"name":"hexo","hostname":"promote.cache-dns.local","pid":6601,"level":20,"msg":"Theme config loaded.","time":"2017-03-17T07:04:16.734Z","v":0}
{"name":"hexo","hostname":"promote.cache-dns.local","pid":6601,"level":20,"msg":"Processed: \u001b[35m_config.yml\u001b[39m","time":"2017-03-17T07:04:16.735Z","v":0}
{"name":"hexo","hostname":"promote.cache-dns.local","pid":6601,"level":20,"msg":"Processed: \u001b[35mimages/alipay.jpg\u001b[39m","time":"2017-03-17T07:04:16.735Z","v":0}
{"name":"hexo","hostname":"promote.cache-dns.local","pid":6601,"level":20,"msg":"Processed: \u001b[35msource/css/main.styl\u001b[39m","time":"2017-03-17T07:04:16.736Z","v":0}
{"name":"hexo","hostname":"promote.cache-dns.local","pid":6601,"level":20,"msg":"Processed: \u001b[35msource/images/algolia_logo.svg\u001b[39m","time":"2017-03-17T07:04:16.736Z","v":0}
{"name":"hexo","hostname":"promote.cache-dns.local","pid":6601,"level":20,"msg":"Processed: \u001b[35msource/images/avatar.gif\u001b[39m","time":"2017-03-17T07:04:16.736Z","v":0}
{"name":"hexo","hostname":"promote.cache-dns.local","pid":6601,"level":20,"msg":"Processed: \u001b[35msource/images/cc-by-nc-nd.svg\u001b[39m","time":"2017-03-17T07:04:16.736Z","v":0}
{"name":"hexo","hostname":"promote.cache-dns.local","pid":6601,"level":20,"msg":"Processed: \u001b[35msource/images/cc-by-nc-sa.svg\u001b[39m","time":"2017-03-17T07:04:16.736Z","v":0}
{"name":"hexo","hostname":"promote.cache-dns.local","pid":6601,"level":20,"msg":"Processed: \u001b[35msource/images/cc-by-nc.svg\u001b[39m","time":"2017-03-17T07:04:16.737Z","v":0}
{"name":"hexo","hostname":"promote.cache-dns.local","pid":6601,"level":20,"msg":"Processed: \u001b[35msource/images/cc-by-nd.svg\u001b[39m","time":"2017-03-17T07:04:16.737Z","v":0}
{"name":"hexo","hostname":"promote.cache-dns.local","pid":6601,"level":20,"msg":"Processed: \u001b[35msource/images/cc-by-sa.svg\u001b[39m","time":"2017-03-17T07:04:16.739Z","v":0}
{"name":"hexo","hostname":"promote.cache-dns.local","pid":6601,"level":20,"msg":"Processed: \u001b[35msource/images/cc-by.svg\u001b[39m","time":"2017-03-17T07:04:16.739Z","v":0}
{"name":"hexo","hostname":"promote.cache-dns.local","pid":6601,"level":20,"msg":"Processed: \u001b[35msource/images/loading.gif\u001b[39m","time":"2017-03-17T07:04:16.739Z","v":0}
{"name":"hexo","hostname":"promote.cache-dns.local","pid":6601,"level":20,"msg":"Processed: \u001b[35msource/images/cc-zero.svg\u001b[39m","time":"2017-03-17T07:04:16.739Z","v":0}
{"name":"hexo","hostname":"promote.cache-dns.local","pid":6601,"level":20,"msg":"Processed: \u001b[35msource/images/placeholder.gif\u001b[39m","time":"2017-03-17T07:04:16.740Z","v":0}
{"name":"hexo","hostname":"promote.cache-dns.local","pid":6601,"level":20,"msg":"Processed: \u001b[35msource/images/quote-l.svg\u001b[39m","time":"2017-03-17T07:04:16.740Z","v":0}
{"name":"hexo","hostname":"promote.cache-dns.local","pid":6601,"level":20,"msg":"Processed: \u001b[35msource/images/quote-r.svg\u001b[39m","time":"2017-03-17T07:04:16.740Z","v":0}
{"name":"hexo","hostname":"promote.cache-dns.local","pid":6601,"level":20,"msg":"Processed: \u001b[35msource/images/searchicon.png\u001b[39m","time":"2017-03-17T07:04:16.740Z","v":0}
{"name":"hexo","hostname":"promote.cache-dns.local","pid":6601,"level":20,"msg":"Processed: \u001b[35mlayout/_layout.swig\u001b[39m","time":"2017-03-17T07:04:16.895Z","v":0}
{"name":"hexo","hostname":"promote.cache-dns.local","pid":6601,"level":20,"msg":"Processed: \u001b[35mlayout/archive.swig\u001b[39m","time":"2017-03-17T07:04:16.896Z","v":0}
{"name":"hexo","hostname":"promote.cache-dns.local","pid":6601,"level":20,"msg":"Processed: \u001b[35mlayout/category.swig\u001b[39m","time":"2017-03-17T07:04:16.896Z","v":0}
{"name":"hexo","hostname":"promote.cache-dns.local","pid":6601,"level":20,"msg":"Processed: \u001b[35mlayout/index.swig\u001b[39m","time":"2017-03-17T07:04:16.896Z","v":0}
{"name":"hexo","hostname":"promote.cache-dns.local","pid":6601,"level":20,"msg":"Processed: \u001b[35mlayout/page.swig\u001b[39m","time":"2017-03-17T07:04:16.896Z","v":0}
{"name":"hexo","hostname":"promote.cache-dns.local","pid":6601,"level":20,"msg":"Processed: \u001b[35mlayout/post.swig\u001b[39m","time":"2017-03-17T07:04:16.896Z","v":0}
{"name":"hexo","hostname":"promote.cache-dns.local","pid":6601,"level":20,"msg":"Processed: \u001b[35mlayout/schedule.swig\u001b[39m","time":"2017-03-17T07:04:16.896Z","v":0}
{"name":"hexo","hostname":"promote.cache-dns.local","pid":6601,"level":20,"msg":"Processed: \u001b[35mlayout/tag.swig\u001b[39m","time":"2017-03-17T07:04:16.896Z","v":0}
{"name":"hexo","hostname":"promote.cache-dns.local","pid":6601,"level":20,"msg":"Processed: \u001b[35mlanguages/de.yml\u001b[39m","time":"2017-03-17T07:04:16.901Z","v":0}
{"name":"hexo","hostname":"promote.cache-dns.local","pid":6601,"level":20,"msg":"Processed: \u001b[35mlanguages/en.yml\u001b[39m","time":"2017-03-17T07:04:16.901Z","v":0}
{"name":"hexo","hostname":"promote.cache-dns.local","pid":6601,"level":20,"msg":"Processed: \u001b[35mlanguages/default.yml\u001b[39m","time":"2017-03-17T07:04:16.901Z","v":0}
{"name":"hexo","hostname":"promote.cache-dns.local","pid":6601,"level":20,"msg":"Processed: \u001b[35mlanguages/fr-FR.yml\u001b[39m","time":"2017-03-17T07:04:16.901Z","v":0}
{"name":"hexo","hostname":"promote.cache-dns.local","pid":6601,"level":20,"msg":"Processed: \u001b[35mlanguages/id.yml\u001b[39m","time":"2017-03-17T07:04:16.901Z","v":0}
{"name":"hexo","hostname":"promote.cache-dns.local","pid":6601,"level":20,"msg":"Processed: \u001b[35mlanguages/ja.yml\u001b[39m","time":"2017-03-17T07:04:16.901Z","v":0}
{"name":"hexo","hostname":"promote.cache-dns.local","pid":6601,"level":20,"msg":"Processed: \u001b[35mlanguages/pt-BR.yml\u001b[39m","time":"2017-03-17T07:04:16.901Z","v":0}
{"name":"hexo","hostname":"promote.cache-dns.local","pid":6601,"level":20,"msg":"Processed: \u001b[35mlanguages/ko.yml\u001b[39m","time":"2017-03-17T07:04:16.901Z","v":0}
{"name":"hexo","hostname":"promote.cache-dns.local","pid":6601,"level":20,"msg":"Processed: \u001b[35mlanguages/pt.yml\u001b[39m","time":"2017-03-17T07:04:16.901Z","v":0}
{"name":"hexo","hostname":"promote.cache-dns.local","pid":6601,"level":20,"msg":"Processed: \u001b[35mlanguages/ru.yml\u001b[39m","time":"2017-03-17T07:04:16.901Z","v":0}
{"name":"hexo","hostname":"promote.cache-dns.local","pid":6601,"level":20,"msg":"Processed: \u001b[35mlanguages/zh-Hans.yml\u001b[39m","time":"2017-03-17T07:04:16.901Z","v":0}
{"name":"hexo","hostname":"promote.cache-dns.local","pid":6601,"level":20,"msg":"Processed: \u001b[35mlanguages/zh-hk.yml\u001b[39m","time":"2017-03-17T07:04:16.901Z","v":0}
{"name":"hexo","hostname":"promote.cache-dns.local","pid":6601,"level":20,"msg":"Processed: \u001b[35mlanguages/zh-tw.yml\u001b[39m","time":"2017-03-17T07:04:16.901Z","v":0}
{"name":"hexo","hostname":"promote.cache-dns.local","pid":6601,"level":20,"msg":"Processed: \u001b[35msource/lib/algolia-instant-search/instantsearch.min.css\u001b[39m","time":"2017-03-17T07:04:16.902Z","v":0}
{"name":"hexo","hostname":"promote.cache-dns.local","pid":6601,"level":20,"msg":"Processed: \u001b[35msource/lib/canvas-nest/canvas-nest.min.js\u001b[39m","time":"2017-03-17T07:04:16.902Z","v":0}
{"name":"hexo","hostname":"promote.cache-dns.local","pid":6601,"level":20,"msg":"Processed: \u001b[35msource/lib/fastclick/LICENSE\u001b[39m","time":"2017-03-17T07:04:16.902Z","v":0}
{"name":"hexo","hostname":"promote.cache-dns.local","pid":6601,"level":20,"msg":"Processed: \u001b[35msource/lib/fastclick/README.md\u001b[39m","time":"2017-03-17T07:04:16.902Z","v":0}
{"name":"hexo","hostname":"promote.cache-dns.local","pid":6601,"level":20,"msg":"Processed: \u001b[35msource/lib/fastclick/bower.json\u001b[39m","time":"2017-03-17T07:04:16.903Z","v":0}
{"name":"hexo","hostname":"promote.cache-dns.local","pid":6601,"level":20,"msg":"Processed: \u001b[35msource/lib/font-awesome/HELP-US-OUT.txt\u001b[39m","time":"2017-03-17T07:04:16.903Z","v":0}
{"name":"hexo","hostname":"promote.cache-dns.local","pid":6601,"level":20,"msg":"Processed: \u001b[35msource/lib/font-awesome/bower.json\u001b[39m","time":"2017-03-17T07:04:16.903Z","v":0}
{"name":"hexo","hostname":"promote.cache-dns.local","pid":6601,"level":20,"msg":"Processed: \u001b[35msource/lib/jquery_lazyload/CONTRIBUTING.md\u001b[39m","time":"2017-03-17T07:04:16.903Z","v":0}
{"name":"hexo","hostname":"promote.cache-dns.local","pid":6601,"level":20,"msg":"Processed: \u001b[35msource/lib/jquery_lazyload/README.md\u001b[39m","time":"2017-03-17T07:04:16.903Z","v":0}
{"name":"hexo","hostname":"promote.cache-dns.local","pid":6601,"level":20,"msg":"Processed: \u001b[35msource/lib/jquery_lazyload/bower.json\u001b[39m","time":"2017-03-17T07:04:16.903Z","v":0}
{"name":"hexo","hostname":"promote.cache-dns.local","pid":6601,"level":20,"msg":"Processed: \u001b[35msource/lib/jquery_lazyload/jquery.lazyload.js\u001b[39m","time":"2017-03-17T07:04:16.903Z","v":0}
{"name":"hexo","hostname":"promote.cache-dns.local","pid":6601,"level":20,"msg":"Processed: \u001b[35msource/lib/jquery_lazyload/jquery.scrollstop.js\u001b[39m","time":"2017-03-17T07:04:16.904Z","v":0}
{"name":"hexo","hostname":"promote.cache-dns.local","pid":6601,"level":20,"msg":"Processed: \u001b[35msource/lib/velocity/bower.json\u001b[39m","time":"2017-03-17T07:04:16.904Z","v":0}
{"name":"hexo","hostname":"promote.cache-dns.local","pid":6601,"level":20,"msg":"Processed: \u001b[35msource/lib/velocity/velocity.min.js\u001b[39m","time":"2017-03-17T07:04:16.904Z","v":0}
{"name":"hexo","hostname":"promote.cache-dns.local","pid":6601,"level":20,"msg":"Processed: \u001b[35msource/lib/velocity/velocity.ui.js\u001b[39m","time":"2017-03-17T07:04:16.904Z","v":0}
{"name":"hexo","hostname":"promote.cache-dns.local","pid":6601,"level":20,"msg":"Processed: \u001b[35msource/js/src/algolia-search.js\u001b[39m","time":"2017-03-17T07:04:16.904Z","v":0}
{"name":"hexo","hostname":"promote.cache-dns.local","pid":6601,"level":20,"msg":"Processed: \u001b[35msource/lib/velocity/velocity.ui.min.js\u001b[39m","time":"2017-03-17T07:04:16.904Z","v":0}
{"name":"hexo","hostname":"promote.cache-dns.local","pid":6601,"level":20,"msg":"Processed: \u001b[35msource/js/src/affix.js\u001b[39m","time":"2017-03-17T07:04:16.904Z","v":0}
{"name":"hexo","hostname":"promote.cache-dns.local","pid":6601,"level":20,"msg":"Processed: \u001b[35msource/js/src/exturl.js\u001b[39m","time":"2017-03-17T07:04:16.904Z","v":0}
{"name":"hexo","hostname":"promote.cache-dns.local","pid":6601,"level":20,"msg":"Processed: \u001b[35msource/js/src/bootstrap.js\u001b[39m","time":"2017-03-17T07:04:16.904Z","v":0}
{"name":"hexo","hostname":"promote.cache-dns.local","pid":6601,"level":20,"msg":"Processed: \u001b[35msource/js/src/hook-duoshuo.js\u001b[39m","time":"2017-03-17T07:04:16.904Z","v":0}
{"name":"hexo","hostname":"promote.cache-dns.local","pid":6601,"level":20,"msg":"Processed: \u001b[35msource/js/src/motion.js\u001b[39m","time":"2017-03-17T07:04:16.904Z","v":0}
{"name":"hexo","hostname":"promote.cache-dns.local","pid":6601,"level":20,"msg":"Processed: \u001b[35msource/js/src/post-details.js\u001b[39m","time":"2017-03-17T07:04:16.904Z","v":0}
{"name":"hexo","hostname":"promote.cache-dns.local","pid":6601,"level":20,"msg":"Processed: \u001b[35msource/js/src/scrollspy.js\u001b[39m","time":"2017-03-17T07:04:16.905Z","v":0}
{"name":"hexo","hostname":"promote.cache-dns.local","pid":6601,"level":20,"msg":"Processed: \u001b[35msource/js/src/utils.js\u001b[39m","time":"2017-03-17T07:04:16.905Z","v":0}
{"name":"hexo","hostname":"promote.cache-dns.local","pid":6601,"level":20,"msg":"Processed: \u001b[35msource/lib/jquery/index.js\u001b[39m","time":"2017-03-17T07:04:16.911Z","v":0}
{"name":"hexo","hostname":"promote.cache-dns.local","pid":6601,"level":20,"msg":"Processed: \u001b[35mlayout/_custom/header.swig\u001b[39m","time":"2017-03-17T07:04:16.955Z","v":0}
{"name":"hexo","hostname":"promote.cache-dns.local","pid":6601,"level":20,"msg":"Processed: \u001b[35mlayout/_custom/sidebar.swig\u001b[39m","time":"2017-03-17T07:04:16.955Z","v":0}
{"name":"hexo","hostname":"promote.cache-dns.local","pid":6601,"level":20,"msg":"Processed: \u001b[35mlayout/_macro/post-collapse.swig\u001b[39m","time":"2017-03-17T07:04:16.955Z","v":0}
{"name":"hexo","hostname":"promote.cache-dns.local","pid":6601,"level":20,"msg":"Processed: \u001b[35mlayout/_macro/post-copyright.swig\u001b[39m","time":"2017-03-17T07:04:16.955Z","v":0}
{"name":"hexo","hostname":"promote.cache-dns.local","pid":6601,"level":20,"msg":"Processed: \u001b[35mlayout/_macro/post.swig\u001b[39m","time":"2017-03-17T07:04:16.955Z","v":0}
{"name":"hexo","hostname":"promote.cache-dns.local","pid":6601,"level":20,"msg":"Processed: \u001b[35mlayout/_macro/reward.swig\u001b[39m","time":"2017-03-17T07:04:16.955Z","v":0}
{"name":"hexo","hostname":"promote.cache-dns.local","pid":6601,"level":20,"msg":"Processed: \u001b[35mlayout/_macro/sidebar.swig\u001b[39m","time":"2017-03-17T07:04:16.955Z","v":0}
{"name":"hexo","hostname":"promote.cache-dns.local","pid":6601,"level":20,"msg":"Processed: \u001b[35mlayout/_macro/wechat-subscriber.swig\u001b[39m","time":"2017-03-17T07:04:16.955Z","v":0}
{"name":"hexo","hostname":"promote.cache-dns.local","pid":6601,"level":20,"msg":"Processed: \u001b[35mlayout/_partials/comments.swig\u001b[39m","time":"2017-03-17T07:04:16.955Z","v":0}
{"name":"hexo","hostname":"promote.cache-dns.local","pid":6601,"level":20,"msg":"Processed: \u001b[35mlayout/_partials/duoshuo-hot-articles.swig\u001b[39m","time":"2017-03-17T07:04:16.955Z","v":0}
{"name":"hexo","hostname":"promote.cache-dns.local","pid":6601,"level":20,"msg":"Processed: \u001b[35mlayout/_partials/footer.swig\u001b[39m","time":"2017-03-17T07:04:16.955Z","v":0}
{"name":"hexo","hostname":"promote.cache-dns.local","pid":6601,"level":20,"msg":"Processed: \u001b[35mlayout/_partials/header.swig\u001b[39m","time":"2017-03-17T07:04:16.956Z","v":0}
{"name":"hexo","hostname":"promote.cache-dns.local","pid":6601,"level":20,"msg":"Processed: \u001b[35mlayout/_partials/head.swig\u001b[39m","time":"2017-03-17T07:04:16.956Z","v":0}
{"name":"hexo","hostname":"promote.cache-dns.local","pid":6601,"level":20,"msg":"Processed: \u001b[35mlayout/_partials/page-header.swig\u001b[39m","time":"2017-03-17T07:04:16.956Z","v":0}
{"name":"hexo","hostname":"promote.cache-dns.local","pid":6601,"level":20,"msg":"Processed: \u001b[35mlayout/_partials/pagination.swig\u001b[39m","time":"2017-03-17T07:04:16.956Z","v":0}
{"name":"hexo","hostname":"promote.cache-dns.local","pid":6601,"level":20,"msg":"Processed: \u001b[35mlayout/_partials/search.swig\u001b[39m","time":"2017-03-17T07:04:16.956Z","v":0}
{"name":"hexo","hostname":"promote.cache-dns.local","pid":6601,"level":20,"msg":"Processed: \u001b[35mlayout/_scripts/baidu-push.swig\u001b[39m","time":"2017-03-17T07:04:16.956Z","v":0}
{"name":"hexo","hostname":"promote.cache-dns.local","pid":6601,"level":20,"msg":"Processed: \u001b[35mlayout/_scripts/boostrap.swig\u001b[39m","time":"2017-03-17T07:04:16.956Z","v":0}
{"name":"hexo","hostname":"promote.cache-dns.local","pid":6601,"level":20,"msg":"Processed: \u001b[35mlayout/_scripts/commons.swig\u001b[39m","time":"2017-03-17T07:04:16.956Z","v":0}
{"name":"hexo","hostname":"promote.cache-dns.local","pid":6601,"level":20,"msg":"Processed: \u001b[35mlayout/_scripts/vendors.swig\u001b[39m","time":"2017-03-17T07:04:16.956Z","v":0}
{"name":"hexo","hostname":"promote.cache-dns.local","pid":6601,"level":20,"msg":"Processed: \u001b[35msource/lib/fancybox/source/blank.gif\u001b[39m","time":"2017-03-17T07:04:16.959Z","v":0}
{"name":"hexo","hostname":"promote.cache-dns.local","pid":6601,"level":20,"msg":"Processed: \u001b[35msource/lib/fancybox/source/fancybox_loading.gif\u001b[39m","time":"2017-03-17T07:04:16.959Z","v":0}
{"name":"hexo","hostname":"promote.cache-dns.local","pid":6601,"level":20,"msg":"Processed: \u001b[35msource/lib/fancybox/source/fancybox_loading@2x.gif\u001b[39m","time":"2017-03-17T07:04:16.959Z","v":0}
{"name":"hexo","hostname":"promote.cache-dns.local","pid":6601,"level":20,"msg":"Processed: \u001b[35msource/lib/fancybox/source/fancybox_overlay.png\u001b[39m","time":"2017-03-17T07:04:16.959Z","v":0}
{"name":"hexo","hostname":"promote.cache-dns.local","pid":6601,"level":20,"msg":"Processed: \u001b[35msource/lib/fancybox/source/fancybox_sprite.png\u001b[39m","time":"2017-03-17T07:04:16.959Z","v":0}
{"name":"hexo","hostname":"promote.cache-dns.local","pid":6601,"level":20,"msg":"Processed: \u001b[35msource/lib/fancybox/source/fancybox_sprite@2x.png\u001b[39m","time":"2017-03-17T07:04:16.959Z","v":0}
{"name":"hexo","hostname":"promote.cache-dns.local","pid":6601,"level":20,"msg":"Processed: \u001b[35msource/lib/fancybox/source/jquery.fancybox.css\u001b[39m","time":"2017-03-17T07:04:16.959Z","v":0}
{"name":"hexo","hostname":"promote.cache-dns.local","pid":6601,"level":20,"msg":"Processed: \u001b[35msource/lib/fancybox/source/jquery.fancybox.js\u001b[39m","time":"2017-03-17T07:04:16.959Z","v":0}
{"name":"hexo","hostname":"promote.cache-dns.local","pid":6601,"level":20,"msg":"Processed: \u001b[35msource/lib/fancybox/source/jquery.fancybox.pack.js\u001b[39m","time":"2017-03-17T07:04:16.960Z","v":0}
{"name":"hexo","hostname":"promote.cache-dns.local","pid":6601,"level":20,"msg":"Processed: \u001b[35msource/lib/fastclick/lib/fastclick.js\u001b[39m","time":"2017-03-17T07:04:16.960Z","v":0}
{"name":"hexo","hostname":"promote.cache-dns.local","pid":6601,"level":20,"msg":"Processed: \u001b[35msource/lib/fastclick/lib/fastclick.min.js\u001b[39m","time":"2017-03-17T07:04:16.960Z","v":0}
{"name":"hexo","hostname":"promote.cache-dns.local","pid":6601,"level":20,"msg":"Processed: \u001b[35msource/lib/font-awesome/css/font-awesome.css\u001b[39m","time":"2017-03-17T07:04:16.960Z","v":0}
{"name":"hexo","hostname":"promote.cache-dns.local","pid":6601,"level":20,"msg":"Processed: \u001b[35msource/lib/font-awesome/css/font-awesome.css.map\u001b[39m","time":"2017-03-17T07:04:16.960Z","v":0}
{"name":"hexo","hostname":"promote.cache-dns.local","pid":6601,"level":20,"msg":"Processed: \u001b[35msource/lib/font-awesome/css/font-awesome.min.css\u001b[39m","time":"2017-03-17T07:04:16.960Z","v":0}
{"name":"hexo","hostname":"promote.cache-dns.local","pid":6601,"level":20,"msg":"Processed: \u001b[35msource/lib/ua-parser-js/dist/ua-parser.min.js\u001b[39m","time":"2017-03-17T07:04:16.960Z","v":0}
{"name":"hexo","hostname":"promote.cache-dns.local","pid":6601,"level":20,"msg":"Processed: \u001b[35msource/lib/ua-parser-js/dist/ua-parser.pack.js\u001b[39m","time":"2017-03-17T07:04:16.961Z","v":0}
{"name":"hexo","hostname":"promote.cache-dns.local","pid":6601,"level":20,"msg":"Processed: \u001b[35msource/js/src/schemes/pisces.js\u001b[39m","time":"2017-03-17T07:04:16.961Z","v":0}
{"name":"hexo","hostname":"promote.cache-dns.local","pid":6601,"level":20,"msg":"Processed: \u001b[35mlayout/_scripts/schemes/mist.swig\u001b[39m","time":"2017-03-17T07:04:16.966Z","v":0}
{"name":"hexo","hostname":"promote.cache-dns.local","pid":6601,"level":20,"msg":"Processed: \u001b[35mlayout/_scripts/schemes/muse.swig\u001b[39m","time":"2017-03-17T07:04:16.966Z","v":0}
{"name":"hexo","hostname":"promote.cache-dns.local","pid":6601,"level":20,"msg":"Processed: \u001b[35msource/lib/font-awesome/fonts/fontawesome-webfont.woff\u001b[39m","time":"2017-03-17T07:04:16.966Z","v":0}
{"name":"hexo","hostname":"promote.cache-dns.local","pid":6601,"level":20,"msg":"Processed: \u001b[35msource/lib/font-awesome/fonts/fontawesome-webfont.woff2\u001b[39m","time":"2017-03-17T07:04:16.966Z","v":0}
{"name":"hexo","hostname":"promote.cache-dns.local","pid":6601,"level":20,"msg":"Processed: \u001b[35msource/lib/velocity/velocity.js\u001b[39m","time":"2017-03-17T07:04:16.966Z","v":0}
{"name":"hexo","hostname":"promote.cache-dns.local","pid":6601,"level":20,"msg":"Processed: \u001b[35mlayout/_components/algolia-search/assets.swig\u001b[39m","time":"2017-03-17T07:04:16.980Z","v":0}
{"name":"hexo","hostname":"promote.cache-dns.local","pid":6601,"level":20,"msg":"Processed: \u001b[35mlayout/_components/algolia-search/dom.swig\u001b[39m","time":"2017-03-17T07:04:16.980Z","v":0}
{"name":"hexo","hostname":"promote.cache-dns.local","pid":6601,"level":20,"msg":"Processed: \u001b[35mlayout/_partials/head/custom-head.swig\u001b[39m","time":"2017-03-17T07:04:16.981Z","v":0}
{"name":"hexo","hostname":"promote.cache-dns.local","pid":6601,"level":20,"msg":"Processed: \u001b[35mlayout/_partials/search/localsearch.swig\u001b[39m","time":"2017-03-17T07:04:16.981Z","v":0}
{"name":"hexo","hostname":"promote.cache-dns.local","pid":6601,"level":20,"msg":"Processed: \u001b[35mlayout/_partials/head/external-fonts.swig\u001b[39m","time":"2017-03-17T07:04:16.981Z","v":0}
{"name":"hexo","hostname":"promote.cache-dns.local","pid":6601,"level":20,"msg":"Processed: \u001b[35mlayout/_partials/search/swiftype.swig\u001b[39m","time":"2017-03-17T07:04:16.981Z","v":0}
{"name":"hexo","hostname":"promote.cache-dns.local","pid":6601,"level":20,"msg":"Processed: \u001b[35mlayout/_partials/search/tinysou.swig\u001b[39m","time":"2017-03-17T07:04:16.981Z","v":0}
{"name":"hexo","hostname":"promote.cache-dns.local","pid":6601,"level":20,"msg":"Processed: \u001b[35mlayout/_partials/share/baidushare.swig\u001b[39m","time":"2017-03-17T07:04:16.981Z","v":0}
{"name":"hexo","hostname":"promote.cache-dns.local","pid":6601,"level":20,"msg":"Processed: \u001b[35mlayout/_partials/share/duoshuo_share.swig\u001b[39m","time":"2017-03-17T07:04:16.981Z","v":0}
{"name":"hexo","hostname":"promote.cache-dns.local","pid":6601,"level":20,"msg":"Processed: \u001b[35mlayout/_partials/share/add-this.swig\u001b[39m","time":"2017-03-17T07:04:16.981Z","v":0}
{"name":"hexo","hostname":"promote.cache-dns.local","pid":6601,"level":20,"msg":"Processed: \u001b[35mlayout/_partials/share/jiathis.swig\u001b[39m","time":"2017-03-17T07:04:16.981Z","v":0}
{"name":"hexo","hostname":"promote.cache-dns.local","pid":6601,"level":20,"msg":"Processed: \u001b[35mlayout/_scripts/pages/post-details.swig\u001b[39m","time":"2017-03-17T07:04:16.981Z","v":0}
{"name":"hexo","hostname":"promote.cache-dns.local","pid":6601,"level":20,"msg":"Processed: \u001b[35mlayout/_scripts/schemes/pisces.swig\u001b[39m","time":"2017-03-17T07:04:16.981Z","v":0}
{"name":"hexo","hostname":"promote.cache-dns.local","pid":6601,"level":20,"msg":"Processed: \u001b[35mlayout/_scripts/third-party/analytics.swig\u001b[39m","time":"2017-03-17T07:04:16.981Z","v":0}
{"name":"hexo","hostname":"promote.cache-dns.local","pid":6601,"level":20,"msg":"Processed: \u001b[35mlayout/_scripts/third-party/exturl.swig\u001b[39m","time":"2017-03-17T07:04:16.981Z","v":0}
{"name":"hexo","hostname":"promote.cache-dns.local","pid":6601,"level":20,"msg":"Processed: \u001b[35mlayout/_scripts/third-party/comments.swig\u001b[39m","time":"2017-03-17T07:04:16.981Z","v":0}
{"name":"hexo","hostname":"promote.cache-dns.local","pid":6601,"level":20,"msg":"Processed: \u001b[35mlayout/_scripts/third-party/lean-analytics.swig\u001b[39m","time":"2017-03-17T07:04:16.981Z","v":0}
{"name":"hexo","hostname":"promote.cache-dns.local","pid":6601,"level":20,"msg":"Processed: \u001b[35mlayout/_scripts/third-party/localsearch.swig\u001b[39m","time":"2017-03-17T07:04:16.981Z","v":0}
{"name":"hexo","hostname":"promote.cache-dns.local","pid":6601,"level":20,"msg":"Processed: \u001b[35mlayout/_scripts/third-party/mathjax.swig\u001b[39m","time":"2017-03-17T07:04:16.981Z","v":0}
{"name":"hexo","hostname":"promote.cache-dns.local","pid":6601,"level":20,"msg":"Processed: \u001b[35mlayout/_scripts/third-party/schedule.swig\u001b[39m","time":"2017-03-17T07:04:16.981Z","v":0}
{"name":"hexo","hostname":"promote.cache-dns.local","pid":6601,"level":20,"msg":"Processed: \u001b[35mlayout/_scripts/third-party/tinysou.swig\u001b[39m","time":"2017-03-17T07:04:16.981Z","v":0}
{"name":"hexo","hostname":"promote.cache-dns.local","pid":6601,"level":20,"msg":"Processed: \u001b[35msource/lib/fancybox/source/helpers/jquery.fancybox-buttons.css\u001b[39m","time":"2017-03-17T07:04:16.984Z","v":0}
{"name":"hexo","hostname":"promote.cache-dns.local","pid":6601,"level":20,"msg":"Processed: \u001b[35msource/lib/fancybox/source/helpers/fancybox_buttons.png\u001b[39m","time":"2017-03-17T07:04:16.984Z","v":0}
{"name":"hexo","hostname":"promote.cache-dns.local","pid":6601,"level":20,"msg":"Processed: \u001b[35msource/lib/fancybox/source/helpers/jquery.fancybox-media.js\u001b[39m","time":"2017-03-17T07:04:16.985Z","v":0}
{"name":"hexo","hostname":"promote.cache-dns.local","pid":6601,"level":20,"msg":"Processed: \u001b[35msource/lib/fancybox/source/helpers/jquery.fancybox-buttons.js\u001b[39m","time":"2017-03-17T07:04:16.985Z","v":0}
{"name":"hexo","hostname":"promote.cache-dns.local","pid":6601,"level":20,"msg":"Processed: \u001b[35msource/lib/fancybox/source/helpers/jquery.fancybox-thumbs.css\u001b[39m","time":"2017-03-17T07:04:16.985Z","v":0}
{"name":"hexo","hostname":"promote.cache-dns.local","pid":6601,"level":20,"msg":"Processed: \u001b[35msource/lib/fancybox/source/helpers/jquery.fancybox-thumbs.js\u001b[39m","time":"2017-03-17T07:04:16.985Z","v":0}
{"name":"hexo","hostname":"promote.cache-dns.local","pid":6601,"level":20,"msg":"Processed: \u001b[35msource/lib/font-awesome/fonts/FontAwesome.otf\u001b[39m","time":"2017-03-17T07:04:16.985Z","v":0}
{"name":"hexo","hostname":"promote.cache-dns.local","pid":6601,"level":20,"msg":"Processed: \u001b[35msource/lib/font-awesome/fonts/fontawesome-webfont.eot\u001b[39m","time":"2017-03-17T07:04:16.985Z","v":0}
{"name":"hexo","hostname":"promote.cache-dns.local","pid":6601,"level":20,"msg":"Processed: \u001b[35msource/lib/font-awesome/fonts/fontawesome-webfont.ttf\u001b[39m","time":"2017-03-17T07:04:16.985Z","v":0}
{"name":"hexo","hostname":"promote.cache-dns.local","pid":6601,"level":20,"msg":"Processed: \u001b[35mlayout/_scripts/third-party/analytics/application-insights.swig\u001b[39m","time":"2017-03-17T07:04:16.990Z","v":0}
{"name":"hexo","hostname":"promote.cache-dns.local","pid":6601,"level":20,"msg":"Processed: \u001b[35mlayout/_scripts/third-party/analytics/cnzz-analytics.swig\u001b[39m","time":"2017-03-17T07:04:16.990Z","v":0}
{"name":"hexo","hostname":"promote.cache-dns.local","pid":6601,"level":20,"msg":"Processed: \u001b[35mlayout/_scripts/third-party/analytics/baidu-analytics.swig\u001b[39m","time":"2017-03-17T07:04:16.990Z","v":0}
{"name":"hexo","hostname":"promote.cache-dns.local","pid":6601,"level":20,"msg":"Processed: \u001b[35mlayout/_scripts/third-party/analytics/busuanzi-counter.swig\u001b[39m","time":"2017-03-17T07:04:16.990Z","v":0}
{"name":"hexo","hostname":"promote.cache-dns.local","pid":6601,"level":20,"msg":"Processed: \u001b[35mlayout/_scripts/third-party/analytics/facebook-sdk.swig\u001b[39m","time":"2017-03-17T07:04:16.990Z","v":0}
{"name":"hexo","hostname":"promote.cache-dns.local","pid":6601,"level":20,"msg":"Processed: \u001b[35mlayout/_scripts/third-party/analytics/google-analytics.swig\u001b[39m","time":"2017-03-17T07:04:16.990Z","v":0}
{"name":"hexo","hostname":"promote.cache-dns.local","pid":6601,"level":20,"msg":"Processed: \u001b[35msource/lib/algolia-instant-search/instantsearch.min.js\u001b[39m","time":"2017-03-17T07:04:16.990Z","v":0}
{"name":"hexo","hostname":"promote.cache-dns.local","pid":6601,"level":20,"msg":"Processed: \u001b[35mlayout/_scripts/third-party/analytics/tencent-analytics.swig\u001b[39m","time":"2017-03-17T07:04:16.998Z","v":0}
{"name":"hexo","hostname":"promote.cache-dns.local","pid":6601,"level":20,"msg":"Processed: \u001b[35mlayout/_scripts/third-party/analytics/tencent-mta.swig\u001b[39m","time":"2017-03-17T07:04:16.998Z","v":0}
{"name":"hexo","hostname":"promote.cache-dns.local","pid":6601,"level":20,"msg":"Processed: \u001b[35mlayout/_scripts/third-party/analytics/vkontakte-api.swig\u001b[39m","time":"2017-03-17T07:04:16.998Z","v":0}
{"name":"hexo","hostname":"promote.cache-dns.local","pid":6601,"level":20,"msg":"Processed: \u001b[35mlayout/_scripts/third-party/comments/disqus.swig\u001b[39m","time":"2017-03-17T07:04:16.998Z","v":0}
{"name":"hexo","hostname":"promote.cache-dns.local","pid":6601,"level":20,"msg":"Processed: \u001b[35mlayout/_scripts/third-party/comments/duoshuo.swig\u001b[39m","time":"2017-03-17T07:04:16.998Z","v":0}
{"name":"hexo","hostname":"promote.cache-dns.local","pid":6601,"level":20,"msg":"Processed: \u001b[35mlayout/_scripts/third-party/comments/gentie.swig\u001b[39m","time":"2017-03-17T07:04:16.998Z","v":0}
{"name":"hexo","hostname":"promote.cache-dns.local","pid":6601,"level":20,"msg":"Processed: \u001b[35mlayout/_scripts/third-party/comments/hypercomments.swig\u001b[39m","time":"2017-03-17T07:04:16.998Z","v":0}
{"name":"hexo","hostname":"promote.cache-dns.local","pid":6601,"level":20,"msg":"Processed: \u001b[35mlayout/_scripts/third-party/comments/livere.swig\u001b[39m","time":"2017-03-17T07:04:16.998Z","v":0}
{"name":"hexo","hostname":"promote.cache-dns.local","pid":6601,"level":20,"msg":"Processed: \u001b[35mlayout/_scripts/third-party/comments/youyan.swig\u001b[39m","time":"2017-03-17T07:04:16.998Z","v":0}
{"name":"hexo","hostname":"promote.cache-dns.local","pid":6601,"level":20,"msg":"Processed: \u001b[35msource/lib/font-awesome/fonts/fontawesome-webfont.svg\u001b[39m","time":"2017-03-17T07:04:16.998Z","v":0}
{"name":"hexo","hostname":"promote.cache-dns.local","pid":6601,"level":20,"msg":"Generator: \u001b[35mpage\u001b[39m","time":"2017-03-17T07:04:17.158Z","v":0}
{"name":"hexo","hostname":"promote.cache-dns.local","pid":6601,"level":20,"msg":"Generator: \u001b[35mpost\u001b[39m","time":"2017-03-17T07:04:17.158Z","v":0}
{"name":"hexo","hostname":"promote.cache-dns.local","pid":6601,"level":20,"msg":"Generator: \u001b[35mcategory\u001b[39m","time":"2017-03-17T07:04:17.158Z","v":0}
{"name":"hexo","hostname":"promote.cache-dns.local","pid":6601,"level":20,"msg":"Generator: \u001b[35marchive\u001b[39m","time":"2017-03-17T07:04:17.158Z","v":0}
{"name":"hexo","hostname":"promote.cache-dns.local","pid":6601,"level":20,"msg":"Generator: \u001b[35mfeed\u001b[39m","time":"2017-03-17T07:04:17.158Z","v":0}
{"name":"hexo","hostname":"promote.cache-dns.local","pid":6601,"level":20,"msg":"Generator: \u001b[35mindex\u001b[39m","time":"2017-03-17T07:04:17.158Z","v":0}
{"name":"hexo","hostname":"promote.cache-dns.local","pid":6601,"level":20,"msg":"Generator: \u001b[35msearch\u001b[39m","time":"2017-03-17T07:04:17.158Z","v":0}
{"name":"hexo","hostname":"promote.cache-dns.local","pid":6601,"level":20,"msg":"Generator: \u001b[35mtag\u001b[39m","time":"2017-03-17T07:04:17.158Z","v":0}
{"name":"hexo","hostname":"promote.cache-dns.local","pid":6601,"level":20,"msg":"Generator: \u001b[35masset\u001b[39m","time":"2017-03-17T07:04:17.159Z","v":0}
{"name":"hexo","hostname":"promote.cache-dns.local","pid":6601,"level":30,"msg":"Hexo is running at \u001b[4mhttp://localhost:4000/\u001b[24m. Press Ctrl+C to stop.","time":"2017-03-17T07:04:17.182Z","v":0}
{"name":"hexo","hostname":"promote.cache-dns.local","pid":6601,"level":20,"msg":"Database saved","time":"2017-03-17T07:04:17.198Z","v":0}
{"name":"hexo","hostname":"promote.cache-dns.local","pid":6601,"level":20,"msg":"Rendering index: \u001b[35mindex.html\u001b[39m","time":"2017-03-17T07:04:18.640Z","v":0}
{"name":"hexo","hostname":"promote.cache-dns.local","pid":6601,"level":20,"msg":"Rendering page: \u001b[35m404.html\u001b[39m","time":"2017-03-17T07:04:25.231Z","v":0}
{"name":"hexo","hostname":"promote.cache-dns.local","pid":6601,"level":20,"msg":"Rendering index: \u001b[35mindex.html\u001b[39m","time":"2017-03-17T07:04:31.407Z","v":0}
{"name":"hexo","hostname":"promote.cache-dns.local","pid":6601,"level":20,"msg":"Rendering page: \u001b[35mtodos/index.html\u001b[39m","time":"2017-03-17T07:04:38.289Z","v":0}
{"name":"hexo","hostname":"promote.cache-dns.local","pid":6601,"level":20,"msg":"Rendering page: \u001b[35mtags/index.html\u001b[39m","time":"2017-03-17T07:04:53.017Z","v":0}
{"name":"hexo","hostname":"promote.cache-dns.local","pid":6601,"level":20,"msg":"Rendering archive: \u001b[35marchives/index.html\u001b[39m","time":"2017-03-17T07:04:56.305Z","v":0}
{"name":"hexo","hostname":"promote.cache-dns.local","pid":6601,"level":20,"msg":"Rendering page: \u001b[35mabout/index.html\u001b[39m","time":"2017-03-17T07:05:06.052Z","v":0}
{"name":"hexo","hostname":"promote.cache-dns.local","pid":6601,"level":20,"msg":"Rendering page: \u001b[35mcategories/index.html\u001b[39m","time":"2017-03-17T07:05:09.004Z","v":0}
{"name":"hexo","hostname":"promote.cache-dns.local","pid":6601,"level":20,"msg":"Rendering index: \u001b[35mindex.html\u001b[39m","time":"2017-03-17T07:05:12.354Z","v":0}
{"name":"hexo","hostname":"promote.cache-dns.local","pid":6601,"level":20,"msg":"Rendering post: \u001b[35m2017/03/13/hello-world/index.html\u001b[39m","time":"2017-03-17T07:05:17.523Z","v":0}
{"name":"hexo","hostname":"promote.cache-dns.local","pid":6601,"level":30,"msg":"Catch you later","time":"2017-03-17T07:05:53.084Z","v":0}
{"name":"hexo","hostname":"promote.cache-dns.local","pid":6601,"level":20,"msg":"Database saved","time":"2017-03-17T07:05:53.112Z","v":0}
